Command line:
   and2gate_tb_isim_beh.exe
     -simmode  gui
     -simrunnum  0
     -socket  59984

Fri Aug 25 13:48:06 2017


 Elaboration Time: 0.0156 sec

 Current Memory Usage: 504.877 Meg

 Total Signals          : 16
 Total Nets             : 16
 Total Signal Drivers   : 8
 Total Blocks           : 3
 Total Primitive Blocks : 2
 Total Processes        : 11
 Total Traceable Variables  : 21
 Total Scalar Nets and Variables : 99
Total Line Count : 27
Total Line Count : 27

 Total Simulation Time: 0.0312 sec

 Current Memory Usage: 504.877 Meg

Fri Aug 25 13:49:05 2017

