Command line:
   invgate_tb_isim_beh.exe
     -simmode  gui
     -simrunnum  0
     -socket  59991

Fri Aug 25 13:49:53 2017


 Elaboration Time: 0.0156 sec

 Current Memory Usage: 504.877 Meg

 Total Signals          : 15
 Total Nets             : 15
 Total Signal Drivers   : 7
 Total Blocks           : 3
 Total Primitive Blocks : 2
 Total Processes        : 10
 Total Traceable Variables  : 20
 Total Scalar Nets and Variables : 97
Total Line Count : 23
Total Line Count : 23

 Total Simulation Time: 0.0156 sec

 Current Memory Usage: 504.877 Meg

Fri Aug 25 13:50:34 2017

