<<<<<<< Updated upstream
This is pdfTeX, Version 3.14159265-2.6-1.40.18 (MiKTeX 2.9.6400 64-bit) (preloaded format=pdflatex 2017.10.9)  19 OCT 2017 16:20
=======
This is pdfTeX, Version 3.14159265-2.6-1.40.18 (TeX Live 2017) (preloaded format=pdflatex 2017.5.23)  19 OCT 2017 10:10
>>>>>>> Stashed changes
entering extended mode
**C:/Users/RA/Documents/GitHub/Digital-Design/Lab06/Lab06.tex
(C:/Users/RA/Documents/GitHub/Digital-Design/Lab06/Lab06.tex
LaTeX2e <2017-04-15>
Babel <3.14> and hyphenation patterns for 75 language(s) loaded.
("C:\Users\RA\AppData\Local\Programs\MiKTeX 2.9\tex\latex\base\report.cls"
Document Class: report 2014/09/29 v1.4h Standard LaTeX document class
("C:\Users\RA\AppData\Local\Programs\MiKTeX 2.9\tex\latex\base\size12.clo"
File: size12.clo 2014/09/29 v1.4h Standard LaTeX file (size option)
)
\c@part=\count79
\c@chapter=\count80
\c@section=\count81
\c@subsection=\count82
\c@subsubsection=\count83
\c@paragraph=\count84
\c@subparagraph=\count85
\c@figure=\count86
\c@table=\count87
\abovecaptionskip=\skip41
\belowcaptionskip=\skip42
\bibindent=\dimen102
)
("C:\Users\RA\AppData\Local\Programs\MiKTeX 2.9\tex\latex\setspace\setspace.sty
"
Package: setspace 2011/12/19 v6.7a set line spacing
)
("C:\Users\RA\AppData\Local\Programs\MiKTeX 2.9\tex\latex\fancyvrb\fancyvrb.sty
"
Package: fancyvrb 2008/02/07

Style option: `fancyvrb' v2.7a, with DG/SPQR fixes, and firstline=lastline fix 
<2008/02/07> (tvz)
("C:\Users\RA\AppData\Local\Programs\MiKTeX 2.9\tex\latex\graphics\keyval.sty"
Package: keyval 2014/10/28 v1.15 key=value parser (DPC)
\KV@toks@=\toks14
)
\FV@CodeLineNo=\count88
\FV@InFile=\read1
\FV@TabBox=\box26
\c@FancyVerbLine=\count89
\FV@StepNumber=\count90
\FV@OutFile=\write3
)
("C:\Users\RA\AppData\Local\Programs\MiKTeX 2.9\tex\latex\graphics\graphicx.sty
"
Package: graphicx 2017/06/01 v1.1a Enhanced LaTeX Graphics (DPC,SPQR)

("C:\Users\RA\AppData\Local\Programs\MiKTeX 2.9\tex\latex\graphics\graphics.sty
"
Package: graphics 2017/06/25 v1.2c Standard LaTeX Graphics (DPC,SPQR)
 ("C:\Users\RA\AppData\Local\Programs\MiKTeX 2.9\tex\latex\graphics\trig.sty"
Package: trig 2016/01/03 v1.10 sin cos tan (DPC)
)
("C:\Users\RA\AppData\Local\Programs\MiKTeX 2.9\tex\latex\graphics-cfg\graphics
.cfg"
File: graphics.cfg 2016/06/04 v1.11 sample graphics configuration
)
Package graphics Info: Driver file: pdftex.def on input line 99.

("C:\Users\RA\AppData\Local\Programs\MiKTeX 2.9\tex\latex\graphics-def\pdftex.d
ef"
File: pdftex.def 2017/06/24 v1.0g Graphics/color driver for pdftex
))
\Gin@req@height=\dimen103
\Gin@req@width=\dimen104
)
("C:\Users\RA\AppData\Local\Programs\MiKTeX 2.9\tex\latex\geometry\geometry.sty
"
Package: geometry 2010/09/12 v5.6 Page Geometry
 ("C:\Users\RA\AppData\Local\Programs\MiKTeX 2.9\tex\generic\oberdiek\ifpdf.sty
"
Package: ifpdf 2017/03/15 v3.2 Provides the ifpdf switch
)
("C:\Users\RA\AppData\Local\Programs\MiKTeX 2.9\tex\generic\oberdiek\ifvtex.sty
"
Package: ifvtex 2016/05/16 v1.6 Detect VTeX and its facilities (HO)
Package ifvtex Info: VTeX not detected.
)
("C:\Users\RA\AppData\Local\Programs\MiKTeX 2.9\tex\generic\ifxetex\ifxetex.sty
"
Package: ifxetex 2010/09/12 v0.6 Provides ifxetex conditional
)
\Gm@cnth=\count91
\Gm@cntv=\count92
\c@Gm@tempcnt=\count93
\Gm@bindingoffset=\dimen105
\Gm@wd@mp=\dimen106
\Gm@odd@mp=\dimen107
\Gm@even@mp=\dimen108
\Gm@layoutwidth=\dimen109
\Gm@layoutheight=\dimen110
\Gm@layouthoffset=\dimen111
\Gm@layoutvoffset=\dimen112
\Gm@dimlist=\toks15

("C:\Users\RA\AppData\Local\Programs\MiKTeX 2.9\tex\latex\geometry\geometry.cfg
")) (Lab06.aux)
\openout1 = `Lab06.aux'.

LaTeX Font Info:    Checking defaults for OML/cmm/m/it on input line 37.
LaTeX Font Info:    ... okay on input line 37.
LaTeX Font Info:    Checking defaults for T1/cmr/m/n on input line 37.
LaTeX Font Info:    ... okay on input line 37.
LaTeX Font Info:    Checking defaults for OT1/cmr/m/n on input line 37.
LaTeX Font Info:    ... okay on input line 37.
LaTeX Font Info:    Checking defaults for OMS/cmsy/m/n on input line 37.
LaTeX Font Info:    ... okay on input line 37.
LaTeX Font Info:    Checking defaults for OMX/cmex/m/n on input line 37.
LaTeX Font Info:    ... okay on input line 37.
LaTeX Font Info:    Checking defaults for U/cmr/m/n on input line 37.
LaTeX Font Info:    ... okay on input line 37.

("C:\Users\RA\AppData\Local\Programs\MiKTeX 2.9\tex\context\base\supp-pdf.mkii"
[Loading MPS to PDF converter (version 2006.09.02).]
\scratchcounter=\count94
\scratchdimen=\dimen113
\scratchbox=\box27
\nofMPsegments=\count95
\nofMParguments=\count96
\everyMPshowfont=\toks16
\MPscratchCnt=\count97
\MPscratchDim=\dimen114
\MPnumerator=\count98
\makeMPintoPDFobject=\count99
\everyMPtoPDFconversion=\toks17
)
("C:\Users\RA\AppData\Local\Programs\MiKTeX 2.9\tex\latex\oberdiek\epstopdf-bas
e.sty"
Package: epstopdf-base 2016/05/15 v2.6 Base part for package epstopdf

("C:\Users\RA\AppData\Local\Programs\MiKTeX 2.9\tex\generic\oberdiek\infwarerr.
sty"
Package: infwarerr 2016/05/16 v1.4 Providing info/warning/error messages (HO)
)
("C:\Users\RA\AppData\Local\Programs\MiKTeX 2.9\tex\latex\oberdiek\grfext.sty"
Package: grfext 2016/05/16 v1.2 Manage graphics extensions (HO)

("C:\Users\RA\AppData\Local\Programs\MiKTeX 2.9\tex\generic\oberdiek\kvdefineke
ys.sty"
Package: kvdefinekeys 2016/05/16 v1.4 Define keys (HO)

("C:\Users\RA\AppData\Local\Programs\MiKTeX 2.9\tex\generic\oberdiek\ltxcmds.st
y"
Package: ltxcmds 2016/05/16 v1.23 LaTeX kernel commands for general use (HO)
)))
("C:\Users\RA\AppData\Local\Programs\MiKTeX 2.9\tex\latex\oberdiek\kvoptions.st
y"
Package: kvoptions 2016/05/16 v3.12 Key value format for package options (HO)

("C:\Users\RA\AppData\Local\Programs\MiKTeX 2.9\tex\generic\oberdiek\kvsetkeys.
sty"
Package: kvsetkeys 2016/05/16 v1.17 Key value parser (HO)

("C:\Users\RA\AppData\Local\Programs\MiKTeX 2.9\tex\generic\oberdiek\etexcmds.s
ty"
Package: etexcmds 2016/05/16 v1.6 Avoid name clashes with e-TeX commands (HO)

("C:\Users\RA\AppData\Local\Programs\MiKTeX 2.9\tex\generic\oberdiek\ifluatex.s
ty"
Package: ifluatex 2016/05/16 v1.4 Provides the ifluatex switch (HO)
Package ifluatex Info: LuaTeX not detected.
)
Package etexcmds Info: Could not find \expanded.
(etexcmds)             That can mean that you are not using pdfTeX 1.50 or
(etexcmds)             that some package has redefined \expanded.
(etexcmds)             In the latter case, load this package earlier.
)))
("C:\Users\RA\AppData\Local\Programs\MiKTeX 2.9\tex\generic\oberdiek\pdftexcmds
.sty"
Package: pdftexcmds 2017/03/19 v0.25 Utility functions of pdfTeX for LuaTeX (HO
)
Package pdftexcmds Info: LuaTeX not detected.
Package pdftexcmds Info: \pdf@primitive is available.
Package pdftexcmds Info: \pdf@ifprimitive is available.
Package pdftexcmds Info: \pdfdraftmode found.
)
Package epstopdf-base Info: Redefining graphics rule for `.eps' on input line 4
38.
Package grfext Info: Graphics extension search list:
(grfext)             [.pdf,.png,.jpg,.mps,.jpeg,.jbig2,.jb2,.PDF,.PNG,.JPG,.JPE
G,.JBIG2,.JB2,.eps]
(grfext)             \AppendGraphicsExtensions on input line 456.
)
*geometry* driver: auto-detecting
*geometry* detected driver: pdftex
*geometry* verbose mode - [ preamble ] result:
* driver: pdftex
* paper: letterpaper
* layout: <same size as paper>
* layoutoffset:(h,v)=(0.0pt,0.0pt)
* modes: 
* h-part:(L,W,R)=(72.26999pt, 469.75502pt, 72.26999pt)
* v-part:(T,H,B)=(72.26999pt, 650.43001pt, 72.26999pt)
* \paperwidth=614.295pt
* \paperheight=794.96999pt
* \textwidth=469.75502pt
* \textheight=650.43001pt
* \oddsidemargin=0.0pt
* \evensidemargin=0.0pt
* \topmargin=-37.0pt
* \headheight=12.0pt
* \headsep=25.0pt
* \topskip=12.0pt
* \footskip=30.0pt
* \marginparwidth=44.0pt
* \marginparsep=10.0pt
* \columnsep=10.0pt
* \skip\footins=10.8pt plus 4.0pt minus 2.0pt
* \hoffset=0.0pt
* \voffset=0.0pt
* \mag=1000
* \@twocolumnfalse
* \@twosidefalse
* \@mparswitchfalse
* \@reversemarginfalse
* (1in=72.27pt=25.4mm, 1cm=28.453pt)

LaTeX Font Info:    External font `cmex10' loaded for size
(Font)              <14.4> on input line 38.
LaTeX Font Info:    External font `cmex10' loaded for size
(Font)              <7> on input line 38.
LaTeX Font Info:    External font `cmex10' loaded for size
(Font)              <12> on input line 38.
LaTeX Font Info:    External font `cmex10' loaded for size
(Font)              <8> on input line 38.
LaTeX Font Info:    External font `cmex10' loaded for size
(Font)              <6> on input line 38.
[1

{C:/Users/RA/AppData/Local/MiKTeX/2.9/pdftex/config/pdftex.map}]
<Prelab_6-page1.pdf, id=8, pagebox=cropbox, 614.295pt x 794.97pt>
File: Prelab_6-page1.pdf Graphic file (type pdf)
<<<<<<< Updated upstream
<use Prelab_6-page1.pdf>
Package pdftex.def Info: Prelab_6-page1.pdf  used on input line 49. on input li
ne 49.
Package pdftex.def Info: Requested size: 270.29063pt x 349.78789pt on input lin
e 49.
 [1 <./Prelab_6-page1.pdf>]
<Prelab_6-page2.pdf, id=135, pagebox=cropbox, 715.09358pt x 285.065pt>
File: Prelab_6-page2.pdf Graphic file (type pdf)
<use Prelab_6-page2.pdf>
Package pdftex.def Info: Prelab_6-page2.pdf  used on input line 55. on input li
ne 55.
Package pdftex.def Info: Requested size: 314.64215pt x 125.42899pt on input lin
e 55.
 [2 <./Prelab_6-page2.pdf>] [3] [4] [5] [6] [7] [8] [9] [10]
<tb_5.PNG, id=174, 808.52063pt x 210.7875pt>
File: tb_5.PNG Graphic file (type png)
<use tb_5.PNG>
Package pdftex.def Info: tb_5.PNG  used on input line 460. on input line 460.
Package pdftex.def Info: Requested size: 444.68773pt x 115.93347pt on input lin
e 460.
<tb_25.PNG, id=176, 663.98062pt x 179.92218pt>
File: tb_25.PNG Graphic file (type png)
<use tb_25.PNG>
Package pdftex.def Info: tb_25.PNG  used on input line 469. on input line 469.
Package pdftex.def Info: Requested size: 444.8647pt x 120.54723pt on input line
 469.

[11 <./tb_5.PNG> <./tb_25.PNG>] [12] (Lab06.aux) ) 
=======
 <use Prelab_6-page1.pdf>
Package pdftex.def Info: Prelab_6-page1.pdf used on input line 49.
(pdftex.def)             Requested size: 235.89034pt x 305.26987pt.

<Prelab_6-page2.pdf, id=10, 715.09358pt x 285.065pt>
File: Prelab_6-page2.pdf Graphic file (type pdf)
 <use Prelab_6-page2.pdf>
Package pdftex.def Info: Prelab_6-page2.pdf used on input line 50.
(pdftex.def)             Requested size: 274.59718pt x 109.46545pt.

[1 <./Prelab_6-page1.pdf> <./Prelab_6-page2.pdf>] [2] [3] [4] [5] [6] [7]
[8] [9] [10] <tb_5.PNG, id=174, 810.02625pt x 411.78844pt>
File: tb_5.PNG Graphic file (type png)
 <use tb_5.PNG>
Package pdftex.def Info: tb_5.PNG used on input line 427.
(pdftex.def)             Requested size: 364.50844pt x 185.30307pt.

<tb_25.PNG, id=176, 808.52063pt x 412.54124pt>
File: tb_25.PNG Graphic file (type png)
 <use tb_25.PNG>
Package pdftex.def Info: tb_25.PNG used on input line 438.
(pdftex.def)             Requested size: 363.83092pt x 185.64185pt.


LaTeX Warning: `h' float specifier changed to `ht'.

[11] [12 <./tb_5.PNG> <./tb_25.PNG>] (./Lab06.aux) ) 
>>>>>>> Stashed changes
Here is how much of TeX's memory you used:
 2367 strings out of 493318
 35696 string characters out of 3131249
 102594 words of memory out of 3000000
 5894 multiletter control sequences out of 15000+200000
 9792 words of font info for 35 fonts, out of 3000000 for 9000
 1141 hyphenation exceptions out of 8191
<<<<<<< Updated upstream
 41i,12n,29p,811b,328s stack positions out of 5000i,500n,10000p,200000b,50000s
<C:/Users/RA/AppData/Local/Pr
ograms/MiKTeX 2.9/fonts/type1/public/amsfonts/cm/cmbx12.pfb><C:/Users/RA/AppDat
a/Local/Programs/MiKTeX 2.9/fonts/type1/public/amsfonts/cm/cmr12.pfb><C:/Users/
RA/AppData/Local/Programs/MiKTeX 2.9/fonts/type1/public/amsfonts/cm/cmr17.pfb><
C:/Users/RA/AppData/Local/Programs/MiKTeX 2.9/fonts/type1/public/amsfonts/cm/cm
r8.pfb><C:/Users/RA/AppData/Local/Programs/MiKTeX 2.9/fonts/type1/public/amsfon
ts/cm/cmsy10.pfb><C:/Users/RA/AppData/Local/Programs/MiKTeX 2.9/fonts/type1/pub
lic/amsfonts/cm/cmti12.pfb><C:/Users/RA/AppData/Local/Programs/MiKTeX 2.9/fonts
/type1/public/amsfonts/cm/cmtt10.pfb><C:/Users/RA/AppData/Local/Programs/MiKTeX
 2.9/fonts/type1/public/amsfonts/cm/cmtt12.pfb>
Output written on Lab06.pdf (13 pages, 1321253 bytes).
PDF statistics:
 215 PDF objects out of 1000 (max. 8388607)
=======
 39i,12n,29p,583b,328s stack positions out of 5000i,500n,10000p,200000b,80000s
</usr/local/texlive/2017/te
xmf-dist/fonts/type1/public/amsfonts/cm/cmbx12.pfb></usr/local/texlive/2017/tex
mf-dist/fonts/type1/public/amsfonts/cm/cmr12.pfb></usr/local/texlive/2017/texmf
-dist/fonts/type1/public/amsfonts/cm/cmr17.pfb></usr/local/texlive/2017/texmf-d
ist/fonts/type1/public/amsfonts/cm/cmtt10.pfb>
Output written on Lab06.pdf (13 pages, 1285902 bytes).
PDF statistics:
 201 PDF objects out of 1000 (max. 8388607)
 58 compressed objects within 1 object stream
>>>>>>> Stashed changes
 0 named destinations out of 1000 (max. 500000)
 21 words of extra memory for PDF output out of 10000 (max. 10000000)

