Command line:
   beltwarn_structural_tb_isim_beh.exe
     -simmode  gui
     -simrunnum  0
     -socket  2956

Fri Sep 15 15:31:38 2017


 Elaboration Time: 0.0312 sec

 Current Memory Usage: 504.881 Meg

 Total Signals          : 19
 Total Nets             : 18
 Total Signal Drivers   : 10
 Total Blocks           : 3
 Total Primitive Blocks : 2
 Total Processes        : 12
 Total Traceable Variables  : 21
 Total Scalar Nets and Variables : 101
Total Line Count : 48

 Total Simulation Time: 0.0624 sec

 Current Memory Usage: 504.881 Meg

Fri Sep 15 15:32:46 2017

