iMPACT Version: 14.2

iMPACT log file Started on Fri Sep 01 14:26:13 2017

Welcome to iMPACT
iMPACT Version: 14.2
// *** BATCH CMD : setMode -bs
// *** BATCH CMD : setMode -ss
// *** BATCH CMD : setMode -sm
// *** BATCH CMD : setMode -hw140
// *** BATCH CMD : setMode -spi
// *** BATCH CMD : setMode -acecf
// *** BATCH CMD : setMode -acempm
// *** BATCH CMD : setMode -pff
// *** BATCH CMD : loadProjectFile -file "G:\Digital\AND2gate\invgate_imp.ipf"
Enumerating cables. Please wait.
Connecting to cable (Usb Port - USB21).
Checking cable driver.
 Driver file xusb_emb.sys found.
 Driver version: src=1029, dest=1029.
 Driver windrvr6.sys version = 10.2.1.0. WinDriver v10.21 Jungo (c) 1997 - 2010 Build Date: Aug 31 2010 x86_64 64bit SYS14:14:44, version = 1021.
=======================================================
Found cable - >  ESN device is not available for this cable.
No ESN.
=======================================================
Connecting to cable (Usb Port - USB22).
Checking cable driver.
 Driver file xusb_emb.sys found.
 Driver version: src=1029, dest=1029.
 Driver windrvr6.sys version = 10.2.1.0. WinDriver v10.21 Jungo (c) 1997 - 2010 Build Date: Aug 31 2010 x86_64 64bit SYS14:14:44, version = 1021.
ERROR:iMPACT - Cable not found, ESN: 00000000000000
'1': Loading file 'G:/Digital/AND2gate/invgate.bit' ...
done.
INFO:iMPACT:1777 - 
   Reading C:/Xilinx/14.2/ISE_DS/ISE/spartan3e/data/xc3s500e.bsd...
INFO:iMPACT:2257 - Startup Clock has been changed to 'JtagClk' in the bitstream   stored in memory,
   but the original bitstream file remains unchanged.
UserID read from the bitstream file = 0xFFFFFFFF.
INFO:iMPACT:501 - '1': Added Device xc3s500e successfully.
----------------------------------------------------------------------
INFO:iMPACT - Failed to open file: -- File ? --, replace with 'bypass'.
INFO:iMPACT:1777 - 
   Reading C:/Xilinx/14.2/ISE_DS/ISE/xcf/data/xcf04s.bsd...
INFO:iMPACT:501 - '2': Added Device xcf04s successfully.
----------------------------------------------------------------------
INFO:iMPACT - Failed to open file: -- File ? --, replace with 'bypass'.
INFO:iMPACT:1777 - 
   Reading C:/Xilinx/14.2/ISE_DS/ISE/xbr/data/xc2c64a.bsd...
INFO:iMPACT:501 - '3': Added Device xc2c64a successfully.
----------------------------------------------------------------------
Active mode is BS
// *** BATCH CMD : setMode -ss
// *** BATCH CMD : setMode -sm
// *** BATCH CMD : setMode -hw140
// *** BATCH CMD : setMode -spi
// *** BATCH CMD : setMode -acecf
// *** BATCH CMD : setMode -acempm
// *** BATCH CMD : setMode -pff
// *** BATCH CMD : setMode -bs
GUI --- Auto connect to cable...
// *** BATCH CMD : setCable -port auto
INFO:iMPACT - Digilent Plugin: Plugin Version: 2.2.10
INFO:iMPACT - Digilent Plugin: no JTAG device was found.
AutoDetecting cable. Please wait.
PROGRESS_START - Starting Operation.
Connecting to cable (Usb Port - USB21).
Checking cable driver.
 Driver file xusb_emb.sys found.
 Driver version: src=1029, dest=1029.
 Driver windrvr6.sys version = 10.2.1.0. WinDriver v10.21 Jungo (c) 1997 - 2010 Build Date: Aug 31 2010 x86_64 64bit SYS14:14:44, version = 1021.
 Cable PID = 0008.
 Max current requested during enumeration is 74 mA.
Type = 0x0004.
 Cable Type = 3, Revision = 0.
 Setting cable speed to 6 MHz.
Cable connection established.
Firmware version = 1303.
File version of C:/Xilinx/14.2/ISE_DS/ISE/data/xusb_xlp.hex = 1303.
Firmware hex file version = 1303.
PLD file version = 0012h.
 PLD version = 0012h.
PROGRESS_END - End Operation.
Elapsed time =      1 sec.
Type = 0x0004.
 ESN device is not available for this cable.
INFO:iMPACT - Current time: 9/1/2017 2:26:34 PM
// *** BATCH CMD : Program -p 1 
Maximum TCK operating frequency for this device chain: 10000000.
Validating chain...
Boundary-scan chain validated successfully.
'1': Programming device...
PROGRESS_START - Starting Operation.
 LCK_cycle = NoWait.
LCK cycle: NoWait
done.
INFO:iMPACT:2219 - Status register values:
INFO:iMPACT - 0011 0111 0001 1000 0000 0000 0000 0000 
INFO:iMPACT:579 - '1': Completed downloading bit file to device.
INFO:iMPACT:188 - '1': Programming completed successfully.
 LCK_cycle = NoWait.
LCK cycle: NoWait
INFO:iMPACT - '1': Checking done pin....done.
'1': Programmed successfully.
PROGRESS_END - End Operation.
Elapsed time =      1 sec.
// *** BATCH CMD : setMode -bs
INFO:iMPACT - Launching WebTalk, please refer to the webtalk log at   G:\Digital\AND2gate/webtalk.log for details.
INFO:iMPACT - Running wbtc successfully.
// *** BATCH CMD : setMode -bs
// *** BATCH CMD : deleteDevice -position 1
----------------------------------------------------------------------
// *** BATCH CMD : deleteDevice -position 1
----------------------------------------------------------------------
// *** BATCH CMD : deleteDevice -position 1
// *** BATCH CMD : setMode -bs
// *** BATCH CMD : setMode -ss
// *** BATCH CMD : setMode -sm
// *** BATCH CMD : setMode -hw140
// *** BATCH CMD : setMode -spi
// *** BATCH CMD : setMode -acecf
// *** BATCH CMD : setMode -acempm
// *** BATCH CMD : setMode -pff
