Command line:
   Mux_tb_isim_beh.exe
     -simmode  gui
     -simrunnum  0
     -socket  2975

Fri Sep 15 15:37:14 2017


 Elaboration Time: 0.0156 sec

 Current Memory Usage: 504.889 Meg

 Total Signals          : 25
 Total Nets             : 25
 Total Signal Drivers   : 17
 Total Blocks           : 3
 Total Primitive Blocks : 2
 Total Processes        : 20
 Total Traceable Variables  : 30
 Total Scalar Nets and Variables : 117
Total Line Count : 153

 Total Simulation Time: 0.078 sec

 Current Memory Usage: 504.889 Meg

Fri Sep 15 15:38:11 2017

