ISim log file
Running: F:\Digital\Lab03\Seven_Segment_Display\Seven_Segment_Display_tb_isim_beh.exe -intstyle ise -gui -tclbatch isim.cmd -wdb F:/Digital/Lab03/Seven_Segment_Display/Seven_Segment_Display_tb_isim_beh.wdb 
ISim P.28xd (signature 0xa0883be4)
WARNING: A WEBPACK license was found.
WARNING: Please use Xilinx License Configuration Manager to check out a full ISim license.
WARNING: ISim will run in Lite mode. Please refer to the ISim documentation for more information on the differences between the Lite and the Full version.
This is a Lite version of ISim.
Time resolution is 1 ps
# onerror resume
# wave add /
# run 1000 ns
Simulator is doing circuit initialization process.
Finished circuit initialization process.

Case 0: 
A_t = 1
B_t = 1
C_t = 1
D_t = 1
E_t = 1
F_t = 1
G_t = 0

Case 1: 
A_t = 0
B_t = 1
C_t = 1
D_t = 0
E_t = 0
F_t = 0
G_t = 0

Case 2: 
A_t = 1
B_t = 1
C_t = 0
D_t = 1
E_t = 1
F_t = 0
G_t = 1

Case 3: 
A_t = 1
B_t = 1
C_t = 1
D_t = 1
E_t = 0
F_t = 0
G_t = 1

Case 4: 
A_t = 0
B_t = 1
C_t = 1
D_t = 0
E_t = 0
F_t = 1
G_t = 1

Case 5: 
A_t = 1
B_t = 0
C_t = 1
D_t = 1
E_t = 0
F_t = 1
G_t = 1

Case 6: 
A_t = 1
B_t = 0
C_t = 1
D_t = 1
E_t = 1
F_t = 1
G_t = 1

Case 7: 
A_t = 1
B_t = 1
C_t = 1
D_t = 0
E_t = 0
F_t = 0
G_t = 0

Case 8: 
A_t = 1
B_t = 1
C_t = 1
D_t = 1
E_t = 1
F_t = 1
G_t = 1

Case 9: 
A_t = 1
B_t = 1
C_t = 1
D_t = 1
E_t = 0
F_t = 1
G_t = 1

Case 10: 
A_t = 1
B_t = 1
C_t = 1
D_t = 0
E_t = 1
F_t = 1
G_t = 1

Case 11: 
A_t = 0
B_t = 0
C_t = 1
D_t = 1
E_t = 1
F_t = 1
G_t = 1

Case 12: 
A_t = 1
B_t = 0
C_t = 0
D_t = 1
E_t = 1
F_t = 1
G_t = 0

Case 13: 
A_t = 0
B_t = 1
C_t = 1
D_t = 1
E_t = 1
F_t = 0
G_t = 1

Case 14: 
A_t = 1
B_t = 0
C_t = 0
D_t = 1
E_t = 1
F_t = 1
G_t = 1

Case 15: 
A_t = 1
B_t = 0
C_t = 0
D_t = 0
E_t = 1
F_t = 1
G_t = 1
