Command line:
   Refresh_tb_isim_beh.exe
     -simmode  gui
     -simrunnum  0
     -socket  47474

Wed Nov 08 15:08:12 2017


 Elaboration Time: 0.0156 sec

 Current Memory Usage: 504.91 Meg

 Total Signals          : 17
 Total Nets             : 17
 Total Signal Drivers   : 9
 Total Blocks           : 3
 Total Primitive Blocks : 2
 Total Processes        : 13
 Total Traceable Variables  : 25
 Total Scalar Nets and Variables : 154
Total Line Count : 44

 Total Simulation Time: 0.0468 sec

 Current Memory Usage: 504.91 Meg

Wed Nov 08 15:09:05 2017

