ISim log file
Running: F:\Digital\Lab02\Mux\Mux_tb_isim_beh.exe -intstyle ise -gui -tclbatch isim.cmd -wdb F:/Digital/Lab02/Mux/Mux_tb_isim_beh.wdb 
ISim P.28xd (signature 0xa0883be4)
WARNING: A WEBPACK license was found.
WARNING: Please use Xilinx License Configuration Manager to check out a full ISim license.
WARNING: ISim will run in Lite mode. Please refer to the ISim documentation for more information on the differences between the Lite and the Full version.
This is a Lite version of ISim.
Time resolution is 1 ps
# onerror resume
# wave add /
# run 1000 ns
Simulator is doing circuit initialization process.
Finished circuit initialization process.

Case 0: 
Y_t = 1

Case 1: 
Y_t = 1

Case 2: 
Y_t = 1

Case 3: 
Y_t = 1

Case 4: 
Y_t = 1

Case 5: 
Y_t = 1

Case 6: 
Y_t = 1

Case 7: 
Y_t = 1
