Command line:
   Decoder_Structural_tb_isim_beh.exe
     -simmode  gui
     -simrunnum  0
     -socket  2968

Fri Sep 15 15:35:32 2017


 Elaboration Time: 0 sec

 Current Memory Usage: 504.881 Meg

 Total Signals          : 25
 Total Nets             : 21
 Total Signal Drivers   : 13
 Total Blocks           : 3
 Total Primitive Blocks : 2
 Total Processes        : 15
 Total Traceable Variables  : 20
 Total Scalar Nets and Variables : 103
Total Line Count : 47

 Total Simulation Time: 0.0468 sec

 Current Memory Usage: 504.881 Meg

Fri Sep 15 15:36:15 2017

