Command line:
   Seven_Segment_Display_isim_beh.exe
     -simmode  gui
     -simrunnum  0
     -socket  65491

Fri Sep 22 13:37:56 2017


 Elaboration Time: 0.0156 sec

 Current Memory Usage: 504.93 Meg

 Total Signals          : 17
 Total Nets             : 24
 Total Signal Drivers   : 12
 Total Blocks           : 2
 Total Primitive Blocks : 2
 Total Processes        : 14
 Total Traceable Variables  : 25
 Total Scalar Nets and Variables : 111
Total Line Count : 23

 Total Simulation Time: 0.0312 sec

 Current Memory Usage: 504.93 Meg

Fri Sep 22 13:38:09 2017

