Command line:
   and2gate_tb_isim_beh.exe
     -simmode  gui
     -simrunnum  0
     -socket  54254

Fri Sep 01 13:50:18 2017


 Elaboration Time: 0.0156 sec

 Current Memory Usage: 501.752 Meg

 Total Signals          : 16
 Total Nets             : 16
 Total Signal Drivers   : 8
 Total Blocks           : 3
 Total Primitive Blocks : 2
 Total Processes        : 11
 Total Traceable Variables  : 21
 Total Scalar Nets and Variables : 99
Total Line Count : 27

 Total Simulation Time: 0.0468 sec

 Current Memory Usage: 501.752 Meg

Fri Sep 01 13:50:31 2017

