Command line:
   Display_Driver_tb_isim_beh.exe
     -simmode  gui
     -simrunnum  0
     -socket  47677

Wed Nov 08 15:55:48 2017


 Elaboration Time: 0.0156 sec

 Current Memory Usage: 504.947 Meg

 Total Signals          : 29
 Total Nets             : 37
 Total Signal Drivers   : 19
 Total Blocks           : 5
 Total Primitive Blocks : 4
 Total Processes        : 25
 Total Traceable Variables  : 35
 Total Scalar Nets and Variables : 193
Total Line Count : 213

 Total Simulation Time: 0.0312 sec

 Current Memory Usage: 504.947 Meg

Wed Nov 08 15:57:19 2017

